<?xml version="1.0" encoding="UTF-8"?>
<!-- Generated by org.testng.reporters.JUnitReportReporter -->
<testsuite skipped="0" hostname="EVT01907NB" name="guru.springframework.selenium.SeleniumTest" tests="2" failures="0" timestamp="11 Kas 2021 08:56:09 GMT" time="7.475" errors="0">
  <testcase name="openBrowser" time="0.706" classname="guru.springframework.selenium.SeleniumTest"/>
  <testcase name="editLastProduct" time="6.769" classname="guru.springframework.selenium.SeleniumTest"/>
</testsuite> <!-- guru.springframework.selenium.SeleniumTest -->
