<?xml version="1.0" encoding="UTF-8"?>
<!-- Generated by org.testng.reporters.JUnitReportReporter -->
<testsuite skipped="0" hostname="EVT01907NB" name="guru.springframework.cucumber.TestRunner" tests="1" failures="0" timestamp="11 Kas 2021 10:39:51 GMT" time="8.347" errors="0">
  <testcase name="runScenario" time="8.347" classname="guru.springframework.cucumber.TestRunner"/>
</testsuite> <!-- guru.springframework.cucumber.TestRunner -->
